<?xml version="1.0" encoding="UTF-8"?>
<testsuite xmlns:xsi="http://www.w3.org/2001/XMLSchema-instance" xsi:noNamespaceSchemaLocation="https://maven.apache.org/surefire/maven-surefire-plugin/xsd/surefire-test-report.xsd" version="3.0.2" name="com.example.suivipatients.SuiviPatientsApplicationTests" time="55.554" tests="1" errors="0" skipped="0" failures="0">
  <properties>
[...]
</properties>
  <testcase name="contextLoads" classname="com.example.suivipatients.SuiviPatientsApplicationTests" time="0.049">
    <system-out><![CDATA[2025-12-01T23:05:33.464+01:00  INFO 37496 --- [           main] t.c.s.AnnotationConfigContextLoaderUtils : Could not detect default configuration classes for test class [com.example.suivipatients.SuiviPatientsApplicationTests]: SuiviPatientsApplicationTests does not declare any static, non-private, non-final, nested classes annotated with @Configuration.
2025-12-01T23:05:33.681+01:00  INFO 37496 --- [           main] .b.t.c.SpringBootTestContextBootstrapper : Found @SpringBootConfiguration com.example.suivipatients.SuiviPatientsApplication for test class com.example.suivipatients.SuiviPatientsApplicationTests

  .   ____          _            __ _ _
 /\\ / ___'_ __ _ _(_)_ __  __ _ \ \ \ \
( ( )\___ | '_ | '_| | '_ \/ _` | \ \ \ \
 \\/  ___)| |_)| | | | | || (_| |  ) ) ) )
  '  |____| .__|_| |_|_| |_\__, | / / / /
 =========|_|==============|___/=/_/_/_/

 :: Spring Boot ::                (v3.5.7)

2025-12-01T23:05:34.227+01:00  INFO 37496 --- [           main] c.e.s.SuiviPatientsApplicationTests      : Starting SuiviPatientsApplicationTests using Java 17.0.13 with PID 37496 (started by pc in C:\Active\ProjetWS\WebServices_Project\suivitraitement)
2025-12-01T23:05:34.227+01:00 DEBUG 37496 --- [           main] c.e.s.SuiviPatientsApplicationTests      : Running with Spring Boot v3.5.7, Spring v6.2.12
2025-12-01T23:05:34.228+01:00  INFO 37496 --- [           main] c.e.s.SuiviPatientsApplicationTests      : No active profile set, falling back to 1 default profile: "default"
2025-12-01T23:05:42.240+01:00  INFO 37496 --- [           main] .s.d.r.c.RepositoryConfigurationDelegate : Bootstrapping Spring Data JPA repositories in DEFAULT mode.
2025-12-01T23:05:43.086+01:00  INFO 37496 --- [           main] .s.d.r.c.RepositoryConfigurationDelegate : Finished Spring Data repository scanning in 785 ms. Found 1 JPA repository interface.
2025-12-01T23:05:47.721+01:00  INFO 37496 --- [           main] o.hibernate.jpa.internal.util.LogHelper  : HHH000204: Processing PersistenceUnitInfo [name: default]
2025-12-01T23:05:48.824+01:00  INFO 37496 --- [           main] org.hibernate.Version                    : HHH000412: Hibernate ORM core version 6.6.33.Final
2025-12-01T23:05:49.609+01:00  INFO 37496 --- [           main] o.h.c.internal.RegionFactoryInitiator    : HHH000026: Second-level cache disabled
2025-12-01T23:05:51.772+01:00  INFO 37496 --- [           main] o.s.o.j.p.SpringPersistenceUnitInfo      : No LoadTimeWeaver setup: ignoring JPA class transformer
2025-12-01T23:05:51.992+01:00  INFO 37496 --- [           main] com.zaxxer.hikari.HikariDataSource       : HikariPool-1 - Starting...
2025-12-01T23:05:59.024+01:00  INFO 37496 --- [           main] com.zaxxer.hikari.pool.HikariPool        : HikariPool-1 - Added connection org.postgresql.jdbc.PgConnection@770be0d0
2025-12-01T23:05:59.032+01:00  INFO 37496 --- [           main] com.zaxxer.hikari.HikariDataSource       : HikariPool-1 - Start completed.
2025-12-01T23:05:59.312+01:00  WARN 37496 --- [           main] org.hibernate.orm.deprecation            : HHH90000025: PostgreSQLDialect does not need to be specified explicitly using 'hibernate.dialect' (remove the property setting and it will be selected by default)
2025-12-01T23:05:59.477+01:00  INFO 37496 --- [           main] org.hibernate.orm.connections.pooling    : HHH10001005: Database info:
	Database JDBC URL [Connecting through datasource 'HikariDataSource (HikariPool-1)']
	Database driver: undefined/unknown
	Database version: 17.5
	Autocommit mode: undefined/unknown
	Isolation level: undefined/unknown
	Minimum pool size: undefined/unknown
	Maximum pool size: undefined/unknown
2025-12-01T23:06:09.629+01:00  INFO 37496 --- [           main] o.h.e.t.j.p.i.JtaPlatformInitiator       : HHH000489: No JTA platform available (set 'hibernate.transaction.jta.platform' to enable JTA platform integration)
2025-12-01T23:06:10.110+01:00  INFO 37496 --- [           main] j.LocalContainerEntityManagerFactoryBean : Initialized JPA EntityManagerFactory for persistence unit 'default'
2025-12-01T23:06:14.340+01:00  INFO 37496 --- [           main] o.s.d.j.r.query.QueryEnhancerFactory     : Hibernate is in classpath; If applicable, HQL parser will be used.
2025-12-01T23:06:25.798+01:00  WARN 37496 --- [           main] JpaBaseConfiguration$JpaWebConfiguration : spring.jpa.open-in-view is enabled by default. Therefore, database queries may be performed during view rendering. Explicitly configure spring.jpa.open-in-view to disable this warning
2025-12-01T23:06:25.930+01:00  WARN 37496 --- [           main] .s.s.UserDetailsServiceAutoConfiguration : 

Using generated security password: e912e63d-a98a-4f96-a37c-1c7616c71628

This generated password is for development use only. Your security configuration must be updated before running your application in production.

2025-12-01T23:06:25.933+01:00  INFO 37496 --- [           main] r$InitializeUserDetailsManagerConfigurer : Global AuthenticationManager configured with UserDetailsService bean with name inMemoryUserDetailsManager
🔧 CORS Configuration chargée:
   - Origines autorisées: [http://localhost:8080, http://localhost:5000, http://localhost:3000]
   - Méthodes autorisées: [GET, POST, PUT, DELETE, OPTIONS]
   - Headers autorisés: [Content-Type, Authorization]
   - Credentials: true
2025-12-01T23:06:26.966+01:00 DEBUG 37496 --- [           main] o.s.s.web.DefaultSecurityFilterChain     : Will secure any request with filters: DisableEncodeUrlFilter, WebAsyncManagerIntegrationFilter, SecurityContextHolderFilter, HeaderWriterFilter, CorsFilter, LogoutFilter, RequestCacheAwareFilter, SecurityContextHolderAwareRequestFilter, AnonymousAuthenticationFilter, ExceptionTranslationFilter, AuthorizationFilter
2025-12-01T23:06:28.928+01:00  INFO 37496 --- [           main] c.e.s.SuiviPatientsApplicationTests      : Started SuiviPatientsApplicationTests in 55.143 seconds (process running for 110.944)
]]></system-out>
  </testcase>
</testsuite>