<?xml version="1.0" encoding="UTF-8"?>
<testsuite xmlns:xsi="http://www.w3.org/2001/XMLSchema-instance" xsi:noNamespaceSchemaLocation="https://maven.apache.org/surefire/maven-surefire-plugin/xsd/surefire-test-report.xsd" version="3.0.2" name="com.example.suivipatients.controllers.SuiviTraitementControllerTest" time="52.596" tests="10" errors="0" skipped="0" failures="0">
  <properties>
[...]
</properties>
  <testcase name="sendReminder_returns200" classname="com.example.suivipatients.controllers.SuiviTraitementControllerTest" time="2.636">
    <system-out><![CDATA[16:39:19.709 [main] INFO org.springframework.test.context.support.AnnotationConfigContextLoaderUtils -- Could not detect default configuration classes for test class [com.example.suivipatients.controllers.SuiviTraitementControllerTest]: SuiviTraitementControllerTest does not declare any static, non-private, non-final, nested classes annotated with @Configuration.
16:39:22.528 [main] INFO org.springframework.boot.test.context.SpringBootTestContextBootstrapper -- Found @SpringBootConfiguration com.example.suivipatients.SuiviPatientsApplication for test class com.example.suivipatients.controllers.SuiviTraitementControllerTest

  .   ____          _            __ _ _
 /\\ / ___'_ __ _ _(_)_ __  __ _ \ \ \ \
( ( )\___ | '_ | '_| | '_ \/ _` | \ \ \ \
 \\/  ___)| |_)| | | | | || (_| |  ) ) ) )
  '  |____| .__|_| |_|_| |_\__, | / / / /
 =========|_|==============|___/=/_/_/_/

 :: Spring Boot ::                (v3.5.7)

2025-12-04T16:39:29.716+01:00  INFO 48060 --- [           main] c.e.s.c.SuiviTraitementControllerTest    : Starting SuiviTraitementControllerTest using Java 17.0.13 with PID 48060 (started by pc in c:\Active\ProjetWS\WebServices_Project\suivitraitement)
2025-12-04T16:39:29.723+01:00  INFO 48060 --- [           main] c.e.s.c.SuiviTraitementControllerTest    : No active profile set, falling back to 1 default profile: "default"
2025-12-04T16:39:56.059+01:00  WARN 48060 --- [           main] .s.s.UserDetailsServiceAutoConfiguration : 

Using generated security password: a0a77b89-ae32-4919-8f3b-c340dd3709a3

This generated password is for development use only. Your security configuration must be updated before running your application in production.

2025-12-04T16:39:56.385+01:00  INFO 48060 --- [           main] r$InitializeUserDetailsManagerConfigurer : Global AuthenticationManager configured with UserDetailsService bean with name inMemoryUserDetailsManager
2025-12-04T16:40:00.276+01:00  INFO 48060 --- [           main] o.s.b.t.m.w.SpringBootMockServletContext : Initializing Spring TestDispatcherServlet ''
2025-12-04T16:40:00.278+01:00  INFO 48060 --- [           main] o.s.t.web.servlet.TestDispatcherServlet  : Initializing Servlet ''
2025-12-04T16:40:00.283+01:00  INFO 48060 --- [           main] o.s.t.web.servlet.TestDispatcherServlet  : Completed initialization in 4 ms
2025-12-04T16:40:00.608+01:00  INFO 48060 --- [           main] c.e.s.c.SuiviTraitementControllerTest    : Started SuiviTraitementControllerTest in 35.167 seconds (process running for 58.521)
]]></system-out>
  </testcase>
  <testcase name="getActive_returnsList" classname="com.example.suivipatients.controllers.SuiviTraitementControllerTest" time="0.935"/>
  <testcase name="getAllTreatments_returnsList" classname="com.example.suivipatients.controllers.SuiviTraitementControllerTest" time="1.615"/>
  <testcase name="stats_returnsMap" classname="com.example.suivipatients.controllers.SuiviTraitementControllerTest" time="0.545"/>
  <testcase name="postCreateTreatment_returns201" classname="com.example.suivipatients.controllers.SuiviTraitementControllerTest" time="1.383"/>
  <testcase name="patients_proxy_returnsList" classname="com.example.suivipatients.controllers.SuiviTraitementControllerTest" time="0.376"/>
  <testcase name="delete_returns204" classname="com.example.suivipatients.controllers.SuiviTraitementControllerTest" time="0.117"/>
  <testcase name="putUpdate_returns200" classname="com.example.suivipatients.controllers.SuiviTraitementControllerTest" time="0.131"/>
  <testcase name="getByPatient_returnsList" classname="com.example.suivipatients.controllers.SuiviTraitementControllerTest" time="0.14"/>
  <testcase name="validateDose_returns200" classname="com.example.suivipatients.controllers.SuiviTraitementControllerTest" time="0.082"/>
</testsuite>